2023/06/13 12:49:37 Device "NRF52840_XXAA" selected.
2023/06/13 12:49:37 InitTarget() start
2023/06/13 12:49:37 InitTarget() end
2023/06/13 12:49:37 Found SW-DP with ID 0x2BA01477
2023/06/13 12:49:37 DPIDR: 0x2BA01477
2023/06/13 12:49:37 CoreSight SoC-400 or earlier
2023/06/13 12:49:37 Scanning AP map to find all available APs
2023/06/13 12:49:37 AP[2]: Stopped AP scan as end of AP map has been reached
2023/06/13 12:49:37 AP[0]: AHB-AP (IDR: 0x24770011)
2023/06/13 12:49:37 AP[1]: JTAG-AP (IDR: 0x02880000)
2023/06/13 12:49:37 Iterating through AP map to find AHB-AP to use
2023/06/13 12:49:37 AP[0]: Core found
2023/06/13 12:49:37 AP[0]: AHB-AP ROM base: 0xE00FF000
2023/06/13 12:49:37 CPUID register: 0x410FC241. Implementer code: 0x41 (ARM)
2023/06/13 12:49:37 Found Cortex-M4 r0p1, Little endian.
2023/06/13 12:49:37 FPUnit: 6 code (BP) slots and 2 literal slots
2023/06/13 12:49:37 CoreSight components:
2023/06/13 12:49:37 ROMTbl[0] @ E00FF000
2023/06/13 12:49:37 [0][0]: E000E000 CID B105E00D PID 000BB00C SCS-M7
2023/06/13 12:49:37 [0][1]: E0001000 CID B105E00D PID 003BB002 DWT
2023/06/13 12:49:37 [0][2]: E0002000 CID B105E00D PID 002BB003 FPB
2023/06/13 12:49:37 [0][3]: E0000000 CID B105E00D PID 003BB001 ITM
2023/06/13 12:49:37 [0][4]: E0040000 CID B105900D PID 000BB9A1 TPIU
2023/06/13 12:49:37 [0][5]: E0041000 CID B105900D PID 000BB925 ETM
2023/06/13 12:49:37 Reset: Halt core after reset via DEMCR.VC_CORERESET.
2023/06/13 12:49:37 Reset: Reset device via AIRCR.SYSRESETREQ.
2023/06/13 12:49:37 J_Link连接成功
